
PLAY [Exercise 5] **************************************************************

TASK [Configure L2 ports] ******************************************************
changed: [nxos1]
changed: [nxos2]

TASK [Configure port for trunking] *********************************************
changed: [nxos1]
changed: [nxos2]

TASK [Execute show interface Ethernet1/1 trunk | json] *************************
ok: [nxos2]
ok: [nxos1]

TASK [Extract trunk dict] ******************************************************
ok: [nxos1]
ok: [nxos2]

TASK [Verify that Ethernet1/1 is trunking] *************************************
ok: [nxos1] => {
    "changed": false,
    "msg": "All assertions passed"
}
ok: [nxos2] => {
    "changed": false,
    "msg": "All assertions passed"
}

PLAY RECAP *********************************************************************
nxos1                      : ok=5    changed=2    unreachable=0    failed=0    skipped=0    rescued=0    ignored=0   
nxos2                      : ok=5    changed=2    unreachable=0    failed=0    skipped=0    rescued=0    ignored=0   

